hbuilder/HelloAS/app/build/outputs/logs/manifest-merger-debug-report.txt
-- Merging decision tree log ---
manifest
ADDED from src\main\AndroidManifest.xml:1:1-561:12
	package
		ADDED from src\main\AndroidManifest.xml:2:5-39
		INJECTED from src\main\AndroidManifest.xml
		INJECTED from src\main\AndroidManifest.xml
	android:versionName
		ADDED from src\main\AndroidManifest.xml:4:5-32
		INJECTED from src\main\AndroidManifest.xml
		INJECTED from src\main\AndroidManifest.xml
	android:versionCode
		ADDED from src\main\AndroidManifest.xml:3:5-30
		INJECTED from src\main\AndroidManifest.xml
		INJECTED from src\main\AndroidManifest.xml
	xmlns:android
		ADDED from src\main\AndroidManifest.xml:1:11-69
supports-screens
ADDED from src\main\AndroidManifest.xml:6:5-11:39
	android:largeScreens
		ADDED from src\main\AndroidManifest.xml:8:9-36
	android:smallScreens
		ADDED from src\main\AndroidManifest.xml:11:9-36
	android:normalScreens
		ADDED from src\main\AndroidManifest.xml:9:9-37
	android:resizeable
		ADDED from src\main\AndroidManifest.xml:10:9-34
	android:anyDensity
		ADDED from src\main\AndroidManifest.xml:7:9-34
uses-sdk
ADDED from src\main\AndroidManifest.xml:13:5-43
	android:targetSdkVersion
		INJECTED from src\main\AndroidManifest.xml
		INJECTED from src\main\AndroidManifest.xml
	android:minSdkVersion
		ADDED from src\main\AndroidManifest.xml:13:15-40
		INJECTED from src\main\AndroidManifest.xml
		INJECTED from src\main\AndroidManifest.xml
uses-permission#android.permission.INTERNET
ADDED from src\main\AndroidManifest.xml:16:5-67
	android:name
		ADDED from src\main\AndroidManifest.xml:16:22-64
uses-permission#android.permission.WRITE_EXTERNAL_STORAGE
ADDED from src\main\AndroidManifest.xml:18:5-81
	android:name
		ADDED from src\main\AndroidManifest.xml:18:22-78
uses-permission#android.permission.ACCESS_NETWORK_STATE
ADDED from src\main\AndroidManifest.xml:20:5-78
	android:name
		ADDED from src\main\AndroidManifest.xml:20:22-76
uses-permission#android.permission.GET_TASKS
ADDED from src\main\AndroidManifest.xml:21:5-68
	android:name
		ADDED from src\main\AndroidManifest.xml:21:22-65
uses-permission#android.permission.RECORD_AUDIO
ADDED from src\main\AndroidManifest.xml:27:5-71
	android:name
		ADDED from src\main\AndroidManifest.xml:27:22-68
uses-permission#android.permission.MODIFY_AUDIO_SETTINGS
ADDED from src\main\AndroidManifest.xml:29:5-80
	android:name
		ADDED from src\main\AndroidManifest.xml:29:22-77
uses-permission#android.permission.CAMERA
ADDED from src\main\AndroidManifest.xml:35:5-65
	android:name
		ADDED from src\main\AndroidManifest.xml:35:22-62
uses-feature#android.hardware.camera
ADDED from src\main\AndroidManifest.xml:37:5-60
	android:name
		ADDED from src\main\AndroidManifest.xml:37:19-57
uses-permission#android.permission.GET_ACCOUNTS
ADDED from src\main\AndroidManifest.xml:43:5-71
	android:name
		ADDED from src\main\AndroidManifest.xml:43:22-68
uses-permission#android.permission.WRITE_CONTACTS
ADDED from src\main\AndroidManifest.xml:44:5-73
	android:name
		ADDED from src\main\AndroidManifest.xml:44:22-70
uses-permission#android.permission.READ_CONTACTS
ADDED from src\main\AndroidManifest.xml:45:5-72
	android:name
		ADDED from src\main\AndroidManifest.xml:45:22-69
uses-permission#android.permission.WAKE_LOCK
ADDED from src\main\AndroidManifest.xml:51:5-68
	android:name
		ADDED from src\main\AndroidManifest.xml:51:22-65
uses-permission#android.permission.VIBRATE
ADDED from src\main\AndroidManifest.xml:53:5-66
	android:name
		ADDED from src\main\AndroidManifest.xml:53:22-63
uses-permission#android.permission.CALL_PHONE
ADDED from src\main\AndroidManifest.xml:55:5-69
	android:name
		ADDED from src\main\AndroidManifest.xml:55:22-66
uses-permission#android.permission.ACCESS_WIFI_STATE
ADDED from src\main\AndroidManifest.xml:57:5-76
	android:name
		ADDED from src\main\AndroidManifest.xml:57:22-73
uses-permission#android.permission.READ_PHONE_STATE
ADDED from src\main\AndroidManifest.xml:60:5-75
	android:name
		ADDED from src\main\AndroidManifest.xml:60:22-72
uses-permission#android.permission.SEND_SMS
ADDED from src\main\AndroidManifest.xml:69:5-67
	android:name
		ADDED from src\main\AndroidManifest.xml:69:22-64
uses-permission#android.permission.WRITE_SMS
ADDED from src\main\AndroidManifest.xml:70:5-68
	android:name
		ADDED from src\main\AndroidManifest.xml:70:22-65
uses-permission#android.permission.READ_SMS
ADDED from src\main\AndroidManifest.xml:71:5-67
	android:name
		ADDED from src\main\AndroidManifest.xml:71:22-64
uses-permission#com.android.launcher.permission.INSTALL_SHORTCUT
ADDED from src\main\AndroidManifest.xml:79:5-88
	android:name
		ADDED from src\main\AndroidManifest.xml:79:22-85
uses-permission#com.android.launcher.permission.UNINSTALL_SHORTCUT
ADDED from src\main\AndroidManifest.xml:80:5-90
	android:name
		ADDED from src\main\AndroidManifest.xml:80:22-87
uses-feature#android.hardware.camera.autofocus
ADDED from src\main\AndroidManifest.xml:89:5-70
	android:name
		ADDED from src\main\AndroidManifest.xml:89:19-67
uses-permission#android.permission.FLASHLIGHT
ADDED from src\main\AndroidManifest.xml:92:5-69
	android:name
		ADDED from src\main\AndroidManifest.xml:92:22-66
uses-permission#android.permission.ACCESS_COARSE_LOCATION
ADDED from src\main\AndroidManifest.xml:100:5-81
	android:name
		ADDED from src\main\AndroidManifest.xml:100:22-78
uses-permission#android.permission.ACCESS_FINE_LOCATION
ADDED from src\main\AndroidManifest.xml:101:5-79
	android:name
		ADDED from src\main\AndroidManifest.xml:101:22-76
uses-permission#android.permission.WRITE_SETTINGS
ADDED from src\main\AndroidManifest.xml:102:5-73
	android:name
		ADDED from src\main\AndroidManifest.xml:102:22-70
uses-permission#android.permission.CHANGE_WIFI_STATE
ADDED from src\main\AndroidManifest.xml:104:5-76
	android:name
		ADDED from src\main\AndroidManifest.xml:104:22-73
uses-permission#android.permission.MOUNT_UNMOUNT_FILESYSTEMS
ADDED from src\main\AndroidManifest.xml:106:5-84
	android:name
		ADDED from src\main\AndroidManifest.xml:106:22-81
uses-permission#android.permission.READ_LOGS
ADDED from src\main\AndroidManifest.xml:107:5-68
	android:name
		ADDED from src\main\AndroidManifest.xml:107:22-65
uses-permission#android.permission.RECEIVE_BOOT_COMPLETED
ADDED from src\main\AndroidManifest.xml:149:5-81
	android:name
		ADDED from src\main\AndroidManifest.xml:149:22-78
uses-permission#getui.permission.GetuiService.io.dcloud.HBuilder.Hello
ADDED from src\main\AndroidManifest.xml:154:5-94
	android:name
		ADDED from src\main\AndroidManifest.xml:154:22-91
permission#getui.permission.GetuiService.io.dcloud.HBuilder.Hello
ADDED from src\main\AndroidManifest.xml:156:5-158:44
	android:protectionLevel
		ADDED from src\main\AndroidManifest.xml:158:9-41
	android:name
		ADDED from src\main\AndroidManifest.xml:157:9-78
uses-permission#android.permission.ACCESS_MOCK_LOCATION
ADDED from src\main\AndroidManifest.xml:173:5-79
	android:name
		ADDED from src\main\AndroidManifest.xml:173:22-76
uses-permission#android.permission.CHANGE_NETWORK_STATE
ADDED from src\main\AndroidManifest.xml:186:5-79
	android:name
		ADDED from src\main\AndroidManifest.xml:186:22-76
uses-permission#android.permission.RECEIVE_USER_PRESENT
ADDED from src\main\AndroidManifest.xml:195:5-79
	android:name
		ADDED from src\main\AndroidManifest.xml:195:22-76
application
ADDED from src\main\AndroidManifest.xml:203:5-559:19
	android:label
		ADDED from src\main\AndroidManifest.xml:206:9-41
	android:allowClearUserData
		ADDED from src\main\AndroidManifest.xml:204:9-42
	android:icon
		ADDED from src\main\AndroidManifest.xml:205:9-38
	android:largeHeap
		ADDED from src\main\AndroidManifest.xml:207:9-33
	android:name
		ADDED from src\main\AndroidManifest.xml:208:9-63
activity#io.dcloud.PandoraEntry
ADDED from src\main\AndroidManifest.xml:209:9-223:20
	android:screenOrientation
		ADDED from src\main\AndroidManifest.xml:216:13-45
	android:label
		ADDED from src\main\AndroidManifest.xml:212:13-45
	android:hardwareAccelerated
		ADDED from src\main\AndroidManifest.xml:214:13-47
	android:launchMode
		ADDED from src\main\AndroidManifest.xml:213:13-44
	android:windowSoftInputMode
		ADDED from src\main\AndroidManifest.xml:217:13-55
	android:configChanges
		ADDED from src\main\AndroidManifest.xml:211:13-83
	android:theme
		ADDED from src\main\AndroidManifest.xml:215:13-52
	android:name
		ADDED from src\main\AndroidManifest.xml:210:13-50
intent-filter#android.intent.action.MAIN+android.intent.category.LAUNCHER
ADDED from src\main\AndroidManifest.xml:218:13-222:29
action#android.intent.action.MAIN
ADDED from src\main\AndroidManifest.xml:219:17-69
	android:name
		ADDED from src\main\AndroidManifest.xml:219:25-66
category#android.intent.category.LAUNCHER
ADDED from src\main\AndroidManifest.xml:221:17-77
	android:name
		ADDED from src\main\AndroidManifest.xml:221:27-74
activity#io.dcloud.PandoraEntryActivity
ADDED from src\main\AndroidManifest.xml:224:9-233:20
	android:screenOrientation
		ADDED from src\main\AndroidManifest.xml:230:13-45
	android:label
		ADDED from src\main\AndroidManifest.xml:228:13-36
	android:hardwareAccelerated
		ADDED from src\main\AndroidManifest.xml:227:13-47
	android:launchMode
		ADDED from src\main\AndroidManifest.xml:229:13-44
	android:windowSoftInputMode
		ADDED from src\main\AndroidManifest.xml:232:13-55
	android:configChanges
		ADDED from src\main\AndroidManifest.xml:226:13-112
	android:theme
		ADDED from src\main\AndroidManifest.xml:231:13-47
	android:name
		ADDED from src\main\AndroidManifest.xml:225:13-58
service#io.dcloud.common.adapter.io.MiniServerService
ADDED from src\main\AndroidManifest.xml:235:9-237:39
	android:exported
		ADDED from src\main\AndroidManifest.xml:237:13-36
	android:name
		ADDED from src\main\AndroidManifest.xml:236:13-73
activity#io.dcloud.imagepick.CustomGalleryActivity
ADDED from src\main\AndroidManifest.xml:239:9-246:20
	android:name
		ADDED from src\main\AndroidManifest.xml:239:19-75
intent-filter#android.intent.category.DEFAULT+io.dcloud.ACTION_MULTIPLE_PICK+io.dcloud.ACTION_PICK
ADDED from src\main\AndroidManifest.xml:240:13-245:29
action#io.dcloud.ACTION_PICK
ADDED from src\main\AndroidManifest.xml:241:17-64
	android:name
		ADDED from src\main\AndroidManifest.xml:241:25-61
action#io.dcloud.ACTION_MULTIPLE_PICK
ADDED from src\main\AndroidManifest.xml:242:17-73
	android:name
		ADDED from src\main\AndroidManifest.xml:242:25-70
category#android.intent.category.DEFAULT
ADDED from src\main\AndroidManifest.xml:244:17-76
	android:name
		ADDED from src\main\AndroidManifest.xml:244:27-73
meta-data#UMENG_APPKEY
ADDED from src\main\AndroidManifest.xml:252:9-254:46
	android:value
		ADDED from src\main\AndroidManifest.xml:254:13-43
	android:name
		ADDED from src\main\AndroidManifest.xml:253:13-40
meta-data#UMENG_CHANNEL
ADDED from src\main\AndroidManifest.xml:255:9-257:42
	android:value
		ADDED from src\main\AndroidManifest.xml:257:13-39
	android:name
		ADDED from src\main\AndroidManifest.xml:256:13-41
meta-data#com.baidu.lbsapi.API_KEY
ADDED from src\main\AndroidManifest.xml:263:9-266:21
	android:value
		ADDED from src\main\AndroidManifest.xml:265:13-53
	android:name
		ADDED from src\main\AndroidManifest.xml:264:13-52
service#com.baidu.location.f
ADDED from src\main\AndroidManifest.xml:268:9-272:19
	android:enabled
		ADDED from src\main\AndroidManifest.xml:270:13-35
	android:process
		ADDED from src\main\AndroidManifest.xml:271:13-38
	android:name
		ADDED from src\main\AndroidManifest.xml:269:13-48
meta-data#com.amap.api.v2.apikey
ADDED from src\main\AndroidManifest.xml:277:9-279:48
	android:value
		ADDED from src\main\AndroidManifest.xml:279:13-45
	android:name
		ADDED from src\main\AndroidManifest.xml:278:13-50
meta-data#QQ_APPID
ADDED from src\main\AndroidManifest.xml:284:9-286:39
	android:value
		ADDED from src\main\AndroidManifest.xml:286:13-36
	android:name
		ADDED from src\main\AndroidManifest.xml:285:13-36
activity#com.tencent.tauth.AuthActivity
ADDED from src\main\AndroidManifest.xml:288:9-300:20
	android:launchMode
		ADDED from src\main\AndroidManifest.xml:290:13-44
	android:noHistory
		ADDED from src\main\AndroidManifest.xml:291:13-37
	android:name
		ADDED from src\main\AndroidManifest.xml:289:13-58
intent-filter#android.intent.action.VIEW+android.intent.category.BROWSABLE+android.intent.category.DEFAULT
ADDED from src\main\AndroidManifest.xml:292:13-299:29
action#android.intent.action.VIEW
ADDED from src\main\AndroidManifest.xml:293:17-69
	android:name
		ADDED from src\main\AndroidManifest.xml:293:25-66
category#android.intent.category.BROWSABLE
ADDED from src\main\AndroidManifest.xml:296:17-78
	android:name
		ADDED from src\main\AndroidManifest.xml:296:27-75
data
ADDED from src\main\AndroidManifest.xml:298:17-50
	android:scheme
		ADDED from src\main\AndroidManifest.xml:298:23-47
activity#com.tencent.connect.common.AssistActivity
ADDED from src\main\AndroidManifest.xml:301:9-304:75
	android:screenOrientation
		ADDED from src\main\AndroidManifest.xml:303:13-49
	android:theme
		ADDED from src\main\AndroidManifest.xml:304:13-72
	android:name
		ADDED from src\main\AndroidManifest.xml:302:13-69
meta-data#IFLY_APPKEY
ADDED from src\main\AndroidManifest.xml:335:9-337:40
	android:value
		ADDED from src\main\AndroidManifest.xml:337:13-37
	android:name
		ADDED from src\main\AndroidManifest.xml:336:13-39
receiver#io.dcloud.feature.apsGt.PushMessageReceiver
ADDED from src\main\AndroidManifest.xml:348:9-352:20
	android:name
		ADDED from src\main\AndroidManifest.xml:348:19-77
intent-filter#com.igexin.sdk.action.bBPiGM1VQ66mhMI3d9tG0A
ADDED from src\main\AndroidManifest.xml:349:13-351:29
action#com.igexin.sdk.action.bBPiGM1VQ66mhMI3d9tG0A
ADDED from src\main\AndroidManifest.xml:350:17-87
	android:name
		ADDED from src\main\AndroidManifest.xml:350:25-84
receiver#io.dcloud.feature.apsGt.GTNotificationReceiver
ADDED from src\main\AndroidManifest.xml:353:9-361:20
	android:name
		ADDED from src\main\AndroidManifest.xml:353:19-80
intent-filter#android.intent.action.BOOT_COMPLETED+io.dcloud.HBuilder.Hello.__CLEAR_NOTIFICATION+io.dcloud.HBuilder.Hello.__CLILK_NOTIFICATION+io.dcloud.HBuilder.Hello.__CREATE_NOTIFICATION+io.dcloud.HBuilder.Hello.__REMOVE_NOTIFICATION
ADDED from src\main\AndroidManifest.xml:354:13-360:29
action#android.intent.action.BOOT_COMPLETED
ADDED from src\main\AndroidManifest.xml:355:17-79
	android:name
		ADDED from src\main\AndroidManifest.xml:355:25-76
action#io.dcloud.HBuilder.Hello.__CREATE_NOTIFICATION
ADDED from src\main\AndroidManifest.xml:356:17-89
	android:name
		ADDED from src\main\AndroidManifest.xml:356:25-86
action#io.dcloud.HBuilder.Hello.__REMOVE_NOTIFICATION
ADDED from src\main\AndroidManifest.xml:357:17-89
	android:name
		ADDED from src\main\AndroidManifest.xml:357:25-86
action#io.dcloud.HBuilder.Hello.__CLEAR_NOTIFICATION
ADDED from src\main\AndroidManifest.xml:358:17-88
	android:name
		ADDED from src\main\AndroidManifest.xml:358:25-85
action#io.dcloud.HBuilder.Hello.__CLILK_NOTIFICATION
ADDED from src\main\AndroidManifest.xml:359:17-88
	android:name
		ADDED from src\main\AndroidManifest.xml:359:25-85
meta-data#PUSH_APPID
ADDED from src\main\AndroidManifest.xml:363:9-365:54
	android:value
		ADDED from src\main\AndroidManifest.xml:365:13-51
	android:name
		ADDED from src\main\AndroidManifest.xml:364:13-38
meta-data#PUSH_APPKEY
ADDED from src\main\AndroidManifest.xml:366:9-368:54
	android:value
		ADDED from src\main\AndroidManifest.xml:368:13-51
	android:name
		ADDED from src\main\AndroidManifest.xml:367:13-39
meta-data#PUSH_APPSECRET
ADDED from src\main\AndroidManifest.xml:369:9-371:54
	android:value
		ADDED from src\main\AndroidManifest.xml:371:13-51
	android:name
		ADDED from src\main\AndroidManifest.xml:370:13-42
service#com.igexin.sdk.PushService
ADDED from src\main\AndroidManifest.xml:373:9-378:19
	android:process
		ADDED from src\main\AndroidManifest.xml:377:13-43
	android:label
		ADDED from src\main\AndroidManifest.xml:376:13-47
	android:exported
		ADDED from src\main\AndroidManifest.xml:375:13-36
	android:name
		ADDED from src\main\AndroidManifest.xml:374:13-54
service#com.igexin.sdk.PushServiceUser
ADDED from src\main\AndroidManifest.xml:379:9-383:19
	android:label
		ADDED from src\main\AndroidManifest.xml:382:13-51
	android:exported
		ADDED from src\main\AndroidManifest.xml:381:13-36
	android:name
		ADDED from src\main\AndroidManifest.xml:380:13-58
receiver#com.igexin.sdk.PushReceiver
ADDED from src\main\AndroidManifest.xml:385:9-395:20
	android:name
		ADDED from src\main\AndroidManifest.xml:385:19-61
intent-filter#android.intent.action.ACTION_POWER_CONNECTED+android.intent.action.ACTION_POWER_DISCONNECTED+android.intent.action.BOOT_COMPLETED+android.intent.action.MEDIA_MOUNTED+android.intent.action.USER_PRESENT+android.net.conn.CONNECTIVITY_CHANGE+com.igexin.sdk.action.refreshls
ADDED from src\main\AndroidManifest.xml:386:13-394:29
action#android.net.conn.CONNECTIVITY_CHANGE
ADDED from src\main\AndroidManifest.xml:388:17-79
	android:name
		ADDED from src\main\AndroidManifest.xml:388:25-76
action#android.intent.action.USER_PRESENT
ADDED from src\main\AndroidManifest.xml:389:17-77
	android:name
		ADDED from src\main\AndroidManifest.xml:389:25-74
action#com.igexin.sdk.action.refreshls
ADDED from src\main\AndroidManifest.xml:390:17-74
	android:name
		ADDED from src\main\AndroidManifest.xml:390:25-71
action#android.intent.action.MEDIA_MOUNTED
ADDED from src\main\AndroidManifest.xml:391:17-78
	android:name
		ADDED from src\main\AndroidManifest.xml:391:25-75
action#android.intent.action.ACTION_POWER_CONNECTED
ADDED from src\main\AndroidManifest.xml:392:17-87
	android:name
		ADDED from src\main\AndroidManifest.xml:392:25-84
action#android.intent.action.ACTION_POWER_DISCONNECTED
ADDED from src\main\AndroidManifest.xml:393:17-90
	android:name
		ADDED from src\main\AndroidManifest.xml:393:25-87
receiver#com.igexin.sdk.PushManagerReceiver
ADDED from src\main\AndroidManifest.xml:396:9-402:20
	android:exported
		ADDED from src\main\AndroidManifest.xml:398:13-37
	android:name
		ADDED from src\main\AndroidManifest.xml:397:13-62
intent-filter#com.igexin.sdk.action.pushmanager
ADDED from src\main\AndroidManifest.xml:399:13-401:29
action#com.igexin.sdk.action.pushmanager
ADDED from src\main\AndroidManifest.xml:400:17-76
	android:name
		ADDED from src\main\AndroidManifest.xml:400:25-73
activity#com.igexin.sdk.PushActivity
ADDED from src\main\AndroidManifest.xml:404:9-411:20
	android:process
		ADDED from src\main\AndroidManifest.xml:408:13-43
	android:excludeFromRecents
		ADDED from src\main\AndroidManifest.xml:406:13-46
	android:exported
		ADDED from src\main\AndroidManifest.xml:407:13-37
	android:theme
		ADDED from src\main\AndroidManifest.xml:410:13-72
	android:taskAffinity
		ADDED from src\main\AndroidManifest.xml:409:13-67
	android:name
		ADDED from src\main\AndroidManifest.xml:405:13-55
service#com.igexin.download.DownloadService
ADDED from src\main\AndroidManifest.xml:413:9-415:46
	android:process
		ADDED from src\main\AndroidManifest.xml:415:13-43
	android:name
		ADDED from src\main\AndroidManifest.xml:414:13-63
receiver#com.igexin.download.DownloadReceiver
ADDED from src\main\AndroidManifest.xml:417:9-421:20
	android:name
		ADDED from src\main\AndroidManifest.xml:417:19-70
intent-filter#android.net.conn.CONNECTIVITY_CHANGE
ADDED from src\main\AndroidManifest.xml:418:13-420:29
provider#com.igexin.download.DownloadProvider
ADDED from src\main\AndroidManifest.xml:423:9-427:46
	android:authorities
		ADDED from src\main\AndroidManifest.xml:425:13-69
	android:process
		ADDED from src\main\AndroidManifest.xml:427:13-43
	android:exported
		ADDED from src\main\AndroidManifest.xml:426:13-36
	android:name
		ADDED from src\main\AndroidManifest.xml:424:13-64
activity#com.igexin.getuiext.activity.GetuiExtActivity
ADDED from src\main\AndroidManifest.xml:429:9-436:75
	android:process
		ADDED from src\main\AndroidManifest.xml:434:13-43
	android:excludeFromRecents
		ADDED from src\main\AndroidManifest.xml:432:13-46
	android:exported
		ADDED from src\main\AndroidManifest.xml:433:13-37
	android:configChanges
		ADDED from src\main\AndroidManifest.xml:431:13-72
	android:theme
		ADDED from src\main\AndroidManifest.xml:436:13-72
	android:taskAffinity
		ADDED from src\main\AndroidManifest.xml:435:13-62
	android:name
		ADDED from src\main\AndroidManifest.xml:430:13-73
activity#com.igexin.sdk.GActivity
ADDED from src\main\AndroidManifest.xml:437:9-443:75
	android:process
		ADDED from src\main\AndroidManifest.xml:441:13-43
	android:excludeFromRecents
		ADDED from src\main\AndroidManifest.xml:439:13-46
	android:exported
		ADDED from src\main\AndroidManifest.xml:440:13-36
	android:theme
		ADDED from src\main\AndroidManifest.xml:443:13-72
	android:taskAffinity
		ADDED from src\main\AndroidManifest.xml:442:13-67
	android:name
		ADDED from src\main\AndroidManifest.xml:438:13-52
receiver#com.igexin.getuiext.service.PayloadReceiver
ADDED from src\main\AndroidManifest.xml:445:9-452:20
	android:exported
		ADDED from src\main\AndroidManifest.xml:447:13-37
	android:name
		ADDED from src\main\AndroidManifest.xml:446:13-71
intent-filter#com.igexin.sdk.action.7fjUl2Z3LH6xYy7NQK4ni4+com.igexin.sdk.action.bBPiGM1VQ66mhMI3d9tG0A
ADDED from src\main\AndroidManifest.xml:448:13-451:29
action#com.igexin.sdk.action.7fjUl2Z3LH6xYy7NQK4ni4
ADDED from src\main\AndroidManifest.xml:449:17-87
	android:name
		ADDED from src\main\AndroidManifest.xml:449:25-84
service#com.igexin.getuiext.service.GetuiExtService
ADDED from src\main\AndroidManifest.xml:454:9-456:46
	android:process
		ADDED from src\main\AndroidManifest.xml:456:13-43
	android:name
		ADDED from src\main\AndroidManifest.xml:455:13-71
meta-data#SINA_REDIRECT_URI
ADDED from src\main\AndroidManifest.xml:464:9-466:53
	android:value
		ADDED from src\main\AndroidManifest.xml:466:13-50
	android:name
		ADDED from src\main\AndroidManifest.xml:465:13-45
meta-data#SINA_SECRET
ADDED from src\main\AndroidManifest.xml:467:9-469:53
	android:value
		ADDED from src\main\AndroidManifest.xml:469:13-50
	android:name
		ADDED from src\main\AndroidManifest.xml:468:13-39
meta-data#SINA_APPKEY
ADDED from src\main\AndroidManifest.xml:470:9-472:65
	android:value
		ADDED from src\main\AndroidManifest.xml:472:13-62
	android:name
		ADDED from src\main\AndroidManifest.xml:471:13-39
activity#com.sina.weibo.sdk.component.WeiboSdkBrowser
ADDED from src\main\AndroidManifest.xml:474:9-479:20
	android:exported
		ADDED from src\main\AndroidManifest.xml:477:13-37
	android:windowSoftInputMode
		ADDED from src\main\AndroidManifest.xml:478:13-55
	android:configChanges
		ADDED from src\main\AndroidManifest.xml:476:13-63
	android:name
		ADDED from src\main\AndroidManifest.xml:475:13-72
activity#io.dcloud.HBuilder.Hello.SinaCallbackActivity
ADDED from src\main\AndroidManifest.xml:481:9-491:20
	android:screenOrientation
		ADDED from src\main\AndroidManifest.xml:485:13-49
	android:launchMode
		ADDED from src\main\AndroidManifest.xml:484:13-44
	android:configChanges
		ADDED from src\main\AndroidManifest.xml:483:13-63
	android:theme
		ADDED from src\main\AndroidManifest.xml:486:13-83
	android:name
		ADDED from src\main\AndroidManifest.xml:482:13-73
intent-filter#android.intent.category.DEFAULT+com.sina.weibo.sdk.action.ACTION_SDK_REQ_ACTIVITY
ADDED from src\main\AndroidManifest.xml:487:13-490:29
action#com.sina.weibo.sdk.action.ACTION_SDK_REQ_ACTIVITY
ADDED from src\main\AndroidManifest.xml:488:17-91
	android:name
		ADDED from src\main\AndroidManifest.xml:488:25-89
meta-data#TENCENT_REDIRECT_URI
ADDED from src\main\AndroidManifest.xml:494:9-496:53
	android:value
		ADDED from src\main\AndroidManifest.xml:496:13-50
	android:name
		ADDED from src\main\AndroidManifest.xml:495:13-48
meta-data#TENCENT_SECRET
ADDED from src\main\AndroidManifest.xml:497:9-499:53
	android:value
		ADDED from src\main\AndroidManifest.xml:499:13-50
	android:name
		ADDED from src\main\AndroidManifest.xml:498:13-42
meta-data#TENCENT_APPKEY
ADDED from src\main\AndroidManifest.xml:500:9-502:65
	android:value
		ADDED from src\main\AndroidManifest.xml:502:13-62
	android:name
		ADDED from src\main\AndroidManifest.xml:501:13-42
activity#io.dcloud.share.tencent.WebAuthorize
ADDED from src\main\AndroidManifest.xml:504:9-507:20
	android:theme
		ADDED from src\main\AndroidManifest.xml:506:13-60
	android:name
		ADDED from src\main\AndroidManifest.xml:505:13-64
meta-data#WX_SECRET
ADDED from src\main\AndroidManifest.xml:509:9-511:64
	android:value
		ADDED from src\main\AndroidManifest.xml:511:13-61
	android:name
		ADDED from src\main\AndroidManifest.xml:510:13-37
meta-data#WX_APPID
ADDED from src\main\AndroidManifest.xml:512:9-514:50
	android:value
		ADDED from src\main\AndroidManifest.xml:514:13-47
	android:name
		ADDED from src\main\AndroidManifest.xml:513:13-36
activity#io.dcloud.HBuilder.Hello.wxapi.WXEntryActivity
ADDED from src\main\AndroidManifest.xml:516:9-529:20
	android:label
		ADDED from src\main\AndroidManifest.xml:519:13-45
	android:launchMode
		ADDED from src\main\AndroidManifest.xml:520:13-43
	android:exported
		ADDED from src\main\AndroidManifest.xml:518:13-36
	android:theme
		ADDED from src\main\AndroidManifest.xml:521:13-72
	android:name
		ADDED from src\main\AndroidManifest.xml:517:13-74
intent-filter#android.intent.action.VIEW+android.intent.category.DEFAULT
ADDED from src\main\AndroidManifest.xml:522:13-528:29
activity#com.alipay.sdk.app.H5PayActivity
ADDED from src\main\AndroidManifest.xml:532:9-538:20
	android:screenOrientation
		ADDED from src\main\AndroidManifest.xml:536:13-47
	android:exported
		ADDED from src\main\AndroidManifest.xml:535:13-37
	android:windowSoftInputMode
		ADDED from src\main\AndroidManifest.xml:537:13-67
	android:configChanges
		ADDED from src\main\AndroidManifest.xml:534:13-74
	android:name
		ADDED from src\main\AndroidManifest.xml:533:13-60
activity#com.alipay.sdk.auth.AuthActivity
ADDED from src\main\AndroidManifest.xml:539:9-544:20
	android:screenOrientation
		ADDED from src\main\AndroidManifest.xml:543:13-47
	android:exported
		ADDED from src\main\AndroidManifest.xml:542:13-37
	android:configChanges
		ADDED from src\main\AndroidManifest.xml:541:13-74
	android:name
		ADDED from src\main\AndroidManifest.xml:540:13-60
activity#io.dcloud.HBuilder.Hello.wxapi.WXPayEntryActivity
ADDED from src\main\AndroidManifest.xml:549:9-553:75
	android:launchMode
		ADDED from src\main\AndroidManifest.xml:552:13-43
	android:exported
		ADDED from src\main\AndroidManifest.xml:551:13-36
	android:theme
		ADDED from src\main\AndroidManifest.xml:553:13-72
	android:name
		ADDED from src\main\AndroidManifest.xml:550:13-77